2017-01-07 17:58:44 ERROR com.dukascopy.dds4.transport.client.TransportClient - Control request exception: Client not online
java.io.IOException: Client not online
	at com.dukascopy.dds4.transport.client.TransportClient.controlRequest(TransportClient.java:603) ~[transport-client-0.4.51.jar:0.4.51]
	at com.dukascopy.dds4.transport.client.TransportClient.controlRequest(TransportClient.java:501) ~[transport-client-0.4.51.jar:0.4.51]
	at com.dukascopy.dds4.transport.client.TransportClient.controlRequest(TransportClient.java:563) [transport-client-0.4.51.jar:0.4.51]
	at com.dukascopy.api.impl.connect.DCClientImpl.connectedInit(DCClientImpl.java:661) [greed-common-317.2.jar:317.2]
	at com.dukascopy.api.impl.connect.DCClientImpl.authorized(DCClientImpl.java:951) [greed-common-317.2.jar:317.2]
	at com.dukascopy.dds4.transport.common.mina.AuthorizedEvent.execute(AuthorizedEvent.java:29) [transport-common-0.5.39.jar:0.5.39]
	at com.dukascopy.dds4.transport.common.mina.EventTask.run(EventTask.java:35) [transport-common-0.5.39.jar:0.5.39]
	at java.util.concurrent.ThreadPoolExecutor.runWorker(Unknown Source) [?:1.8.0_111]
	at java.util.concurrent.ThreadPoolExecutor$Worker.run(Unknown Source) [?:1.8.0_111]
	at java.lang.Thread.run(Unknown Source) [?:1.8.0_111]
2017-01-07 17:58:44 ERROR com.dukascopy.dds4.transport.client.TransportClient - Control request exception: Client not online
java.io.IOException: Client not online
	at com.dukascopy.dds4.transport.client.TransportClient.controlRequest(TransportClient.java:603) ~[transport-client-0.4.51.jar:0.4.51]
	at com.dukascopy.dds4.transport.client.TransportClient.controlRequest(TransportClient.java:501) ~[transport-client-0.4.51.jar:0.4.51]
	at com.dukascopy.dds4.transport.client.TransportClient.controlRequest(TransportClient.java:563) [transport-client-0.4.51.jar:0.4.51]
	at com.dukascopy.api.impl.connect.DCClientImpl$9.run(DCClientImpl.java:1188) [greed-common-317.2.jar:317.2]
	at com.dukascopy.api.impl.connect.DCClientImpl$9.run(DCClientImpl.java:1165) [greed-common-317.2.jar:317.2]
	at java.security.AccessController.doPrivileged(Native Method) ~[?:1.8.0_111]
	at com.dukascopy.api.impl.connect.DCClientImpl.setSubscribedInstruments(DCClientImpl.java:1165) [greed-common-317.2.jar:317.2]
	at com.dukascopy.api.impl.connect.DCClientImpl.connectedInit(DCClientImpl.java:662) [greed-common-317.2.jar:317.2]
	at com.dukascopy.api.impl.connect.DCClientImpl.authorized(DCClientImpl.java:951) [greed-common-317.2.jar:317.2]
	at com.dukascopy.dds4.transport.common.mina.AuthorizedEvent.execute(AuthorizedEvent.java:29) [transport-common-0.5.39.jar:0.5.39]
	at com.dukascopy.dds4.transport.common.mina.EventTask.run(EventTask.java:35) [transport-common-0.5.39.jar:0.5.39]
	at java.util.concurrent.ThreadPoolExecutor.runWorker(Unknown Source) [?:1.8.0_111]
	at java.util.concurrent.ThreadPoolExecutor$Worker.run(Unknown Source) [?:1.8.0_111]
	at java.lang.Thread.run(Unknown Source) [?:1.8.0_111]
